#
# A fatal error has been detected by the Java Runtime Environment:
#
#  SIGSEGV (0xb) at pc=0x00007fae2b6a8814, pid=744, tid=140385574483712
#
# JRE version: Java(TM) SE Runtime Environment (8.0_66-b17) (build 1.8.0_66-b17)
# Java VM: Java HotSpot(TM) 64-Bit Server VM (25.66-b17 mixed mode linux-amd64 compressed oops)
# Problematic frame:
# V  [libjvm.so+0x8a5814]  Method::checked_resolve_jmethod_id(_jmethodID*)+0x34
#
# Failed to write core dump. Core dumps have been disabled. To enable core dumping, try "ulimit -c unlimited" before starting Java again
#
# If you would like to submit a bug report, please visit:
#   http://bugreport.java.com/bugreport/crash.jsp
#

---------------  T H R E A D  ---------------

Current thread (0x00007fae240c9800):  JavaThread "JDWP Transport Listener: dt_socket" daemon [_thread_in_vm, id=765, stack(0x00007fae103c7000,0x00007fae104c8000)]

siginfo: si_signo: 11 (SIGSEGV), si_code: 1 (SEGV_MAPERR), si_addr: 0x0000000000000011

Registers:
RAX=0x0000000000000001, RBX=0x00000000e1a59918, RCX=0x00007fae2c7d5320, RDX=0x00007fae2bdb2560
RSP=0x00007fae104c6a10, RBP=0x00007fae104c6a20, RSI=0x00007fae240c9800, RDI=0x00000000e1a59918
R8 =0x0000000000000000, R9 =0x00007fadf0011c40, R10=0x0000000000000070, R11=0x00007fae2bf64c70
R12=0x0000000000000017, R13=0x00007fae24074b40, R14=0x00007fae240c9800, R15=0x00007fae104c6b27
RIP=0x00007fae2b6a8814, EFLAGS=0x0000000000010206, CSGSFS=0x0000000000000033, ERR=0x0000000000000004
  TRAPNO=0x000000000000000e

Top of Stack: (sp=0x00007fae104c6a10)
0x00007fae104c6a10:   0000000000000074 00007fae240040e0
0x00007fae104c6a20:   00007fae104c6a90 00007fae2b5392de
0x00007fae104c6a30:   0000000000000073 00007fae104c6a40
0x00007fae104c6a40:   00007fae240c9800 0000000000000000
0x00007fae104c6a50:   00007fae00000000 0000000000000000
0x00007fae104c6a60:   00007fae104c6a80 00007fae2a4b9e40
0x00007fae104c6a70:   00007fae24074b40 00007fae104c6b27
0x00007fae104c6a80:   0000000000000009 00007fae104c6b27
0x00007fae104c6a90:   00007fae104c6ac0 00007fae2a2a58c2
0x00007fae104c6aa0:   00007fae104c6ac0 00007fae24074b40
0x00007fae104c6ab0:   00007fae104c6b90 0000000000000048
0x00007fae104c6ac0:   00007fae104c6b50 00007fae2a286aa0
0x00007fae104c6ad0:   00007fae104c6b08 00007fae104c6b00
0x00007fae104c6ae0:   00007fae104c6af8 00007fae104c6b1c
0x00007fae104c6af0:   00000001f0002e00 0000000000000000
0x00007fae104c6b00:   0000000000000000 0000000000000000
0x00007fae104c6b10:   00007fadf0012360 00000002104c6b90
0x00007fae104c6b20:   000000000000000a 0000000000000002
0x00007fae104c6b30:   000000000000000f 0000000000000002
0x00007fae104c6b40:   00000000000f0200 000000000000000f
0x00007fae104c6b50:   00007fae104c6da0 00007fae2a2919c6
0x00007fae104c6b60:   0000859900000013 00007fae2b0f0200
0x00007fae104c6b70:   00007fade8000ba0 0000000000000000
0x00007fae104c6b80:   00007fae104c6b90 00007fae104c6d20
0x00007fae104c6b90:   00007fadf000fd28 00007fae000002a8
0x00007fae104c6ba0:   00007fadf0003500 000000000000012c
0x00007fae104c6bb0:   00007fae104c6be0 00007fadf00116a0
0x00007fae104c6bc0:   00007f0000000000 0000859900000030
0x00007fae104c6bd0:   00007fae00006d80 00007fae104c6be0
0x00007fae104c6be0:   ad7f00000a000000 1b000000f03900f0
0x00007fae104c6bf0:   65746164696c6176 6c6f437475706e49
0x00007fae104c6c00:   73657250736e6d75 2845000000746e65 

Instructions: (pc=0x00007fae2b6a8814)
0x00007fae2b6a87f4:   83 c4 08 5b c9 c3 66 0f 1f 44 00 00 48 8b 1f 48
0x00007fae2b6a8804:   85 db 74 e6 48 83 fb 37 74 e0 48 8b 03 48 89 df
0x00007fae2b6a8814:   ff 50 10 84 c0 0f 1f 80 00 00 00 00 75 ce 66 0f
0x00007fae2b6a8824:   1f 44 00 00 eb c4 66 0f 1f 44 00 00 55 48 89 e5 

Register to memory mapping:

RAX=0x0000000000000001 is an unknown value
RBX=0x00000000e1a59918 is an oop
java.lang.Thread 
 - klass: 'java/lang/Thread'
RCX=0x00007fae2c7d5320: <offset 0x219320> in /lib/x86_64-linux-gnu/libpthread.so.0 at 0x00007fae2c5bc000
RDX=0x00007fae2bdb2560: <offset 0xfaf560> in /usr/lib/jvm/java-8-oracle/jre/lib/amd64/server/libjvm.so at 0x00007fae2ae03000
RSP=0x00007fae104c6a10 is pointing into the stack for thread: 0x00007fae240c9800
RBP=0x00007fae104c6a20 is pointing into the stack for thread: 0x00007fae240c9800
RSI=0x00007fae240c9800 is a thread
RDI=0x00000000e1a59918 is an oop
java.lang.Thread 
 - klass: 'java/lang/Thread'
R8 =0x0000000000000000 is an unknown value
R9 =0x00007fadf0011c40 is an unknown value
R10=0x0000000000000070 is an unknown value
R11=0x00007fae2bf64c70: <offset 0x187c70> in /lib/x86_64-linux-gnu/libc.so.6 at 0x00007fae2bddd000
R12=0x0000000000000017 is an unknown value
R13=0x00007fae24074b40 is a global jni handle
R14=0x00007fae240c9800 is a thread
R15=0x00007fae104c6b27 is pointing into the stack for thread: 0x00007fae240c9800


Stack: [0x00007fae103c7000,0x00007fae104c8000],  sp=0x00007fae104c6a10,  free space=1022k
Native frames: (J=compiled Java code, j=interpreted, Vv=VM code, C=native code)
V  [libjvm.so+0x8a5814]  Method::checked_resolve_jmethod_id(_jmethodID*)+0x34
V  [libjvm.so+0x7362de]  jvmti_IsMethodSynthetic+0x2be
C  [libjdwp.so+0x258c2]  isMethodSynthetic+0x42
C  [libjdwp.so+0x6aa0]  methods1+0x1b0
C  [libjdwp.so+0x119c6]  debugLoop_run+0x2b6
C  [libjdwp.so+0x247ff]  attachThread+0x2f
V  [libjvm.so+0x7a2a62]  JvmtiAgentThread::call_start_function()+0xc2
V  [libjvm.so+0xa68fff]  JavaThread::thread_main_inner()+0xdf
V  [libjvm.so+0xa6912c]  JavaThread::run()+0x11c
V  [libjvm.so+0x91cc68]  java_start(Thread*)+0x108
C  [libpthread.so.0+0x8182]  start_thread+0xc2


---------------  P R O C E S S  ---------------

Java Threads: ( => current thread )
  0x00007fae240da000 JavaThread "Service Thread" daemon [_thread_blocked, id=779, stack(0x00007fade3cfd000,0x00007fade3dfe000)]
  0x00007fae240d4000 JavaThread "C1 CompilerThread2" daemon [_thread_blocked, id=774, stack(0x00007fade3dfe000,0x00007fade3eff000)]
  0x00007fae240d2000 JavaThread "C2 CompilerThread1" daemon [_thread_blocked, id=773, stack(0x00007fade3eff000,0x00007fade4000000)]
  0x00007fae240cf000 JavaThread "C2 CompilerThread0" daemon [_thread_blocked, id=772, stack(0x00007fae100c4000,0x00007fae101c5000)]
  0x00007fadf0001000 JavaThread "JDWP Command Reader" daemon [_thread_in_native, id=767, stack(0x00007fae101c5000,0x00007fae102c6000)]
  0x00007fae240cd000 JavaThread "JDWP Event Helper Thread" daemon [_thread_blocked, id=766, stack(0x00007fae102c6000,0x00007fae103c7000)]
=>0x00007fae240c9800 JavaThread "JDWP Transport Listener: dt_socket" daemon [_thread_in_vm, id=765, stack(0x00007fae103c7000,0x00007fae104c8000)]
  0x00007fae240bd000 JavaThread "Signal Dispatcher" daemon [_thread_blocked, id=762, stack(0x00007fae106cc000,0x00007fae107cd000)]
  0x00007fae24083000 JavaThread "Finalizer" daemon [_thread_blocked, id=759, stack(0x00007fae107cd000,0x00007fae108ce000)]
  0x00007fae24080800 JavaThread "Reference Handler" daemon [_thread_blocked, id=757, stack(0x00007fae108ce000,0x00007fae109cf000)]
  0x00007fae2400d800 JavaThread "main" [_thread_blocked, id=745, stack(0x00007fae2c8d2000,0x00007fae2c9d3000)]

Other Threads:
  0x00007fae2407b800 VMThread [stack: 0x00007fae109cf000,0x00007fae10ad0000] [id=756]
  0x00007fae240dc800 WatcherThread [stack: 0x00007fade3bfc000,0x00007fade3cfd000] [id=780]

VM state:not at safepoint (normal execution)

VM Mutex/Monitor currently owned by a thread: None

Heap:
 PSYoungGen      total 27648K, used 6257K [0x00000000e1a00000, 0x00000000e3880000, 0x0000000100000000)
  eden space 24064K, 26% used [0x00000000e1a00000,0x00000000e201c540,0x00000000e3180000)
  from space 3584K, 0% used [0x00000000e3500000,0x00000000e3500000,0x00000000e3880000)
  to   space 3584K, 0% used [0x00000000e3180000,0x00000000e3180000,0x00000000e3500000)
 ParOldGen       total 62976K, used 0K [0x00000000a4e00000, 0x00000000a8b80000, 0x00000000e1a00000)
  object space 62976K, 0% used [0x00000000a4e00000,0x00000000a4e00000,0x00000000a8b80000)
 Metaspace       used 4495K, capacity 5190K, committed 5504K, reserved 1056768K
  class space    used 523K, capacity 561K, committed 640K, reserved 1048576K

Card table byte_map: [0x00007fae28b54000,0x00007fae28e2e000] byte_map_base: 0x00007fae2862d000

Marking Bits: (ParMarkBitMap*) 0x00007fae2bdb2020
 Begin Bits: [0x00007fae12270000, 0x00007fae13938000)
 End Bits:   [0x00007fae13938000, 0x00007fae15000000)

Polling page: 0x00007fae2c9f9000

CodeCache: size=245760Kb used=1674Kb max_used=1674Kb free=244085Kb
 bounds [0x00007fae15000000, 0x00007fae15270000, 0x00007fae24000000]
 total_blobs=484 nmethods=236 adapters=170
 compilation: enabled

Compilation events (10 events):
Event: 0.422 Thread 0x00007fae240d4000  233       3       java.util.AbstractList::<init> (10 bytes)
Event: 0.423 Thread 0x00007fae240d4000 nmethod 233 0x00007fae1519da50 code [0x00007fae1519dbc0, 0x00007fae1519ddd0]
Event: 0.429 Thread 0x00007fae240d4000  234       3       java.util.zip.Inflater::ensureOpen (47 bytes)
Event: 0.429 Thread 0x00007fae240d4000 nmethod 234 0x00007fae1519ded0 code [0x00007fae1519e060, 0x00007fae1519e348]
Event: 0.435 Thread 0x00007fae240d4000  235       3       java.lang.String::lastIndexOf (151 bytes)
Event: 0.436 Thread 0x00007fae240d4000 nmethod 235 0x00007fae1519e490 code [0x00007fae1519e640, 0x00007fae1519ebb0]
Event: 0.440 Thread 0x00007fae240d4000  236   !   3       sun.misc.URLClassPath$FileLoader::getResource (164 bytes)
Event: 0.442 Thread 0x00007fae240d4000 nmethod 236 0x00007fae1519f090 code [0x00007fae1519f420, 0x00007fae151a10f8]
Event: 0.445 Thread 0x00007fae240d4000  237  s    3       java.lang.StringBuffer::append (13 bytes)
Event: 0.445 Thread 0x00007fae240d4000 nmethod 237 0x00007fae151a2350 code [0x00007fae151a24e0, 0x00007fae151a29e8]

GC Heap History (0 events):
No events

Deoptimization events (0 events):
No events

Internal exceptions (7 events):
Event: 0.042 Thread 0x00007fae2400d800 Exception <a 'java/lang/NoSuchMethodError': Method sun.misc.Unsafe.defineClass(Ljava/lang/String;[BII)Ljava/lang/Class; name or signature does not match> (0x00000000e1a12848) thrown at [/HUDSON/workspace/8-2-build-linux-amd64/jdk8u66/4988/hotspot/src/shar
Event: 0.042 Thread 0x00007fae2400d800 Exception <a 'java/lang/NoSuchMethodError': Method sun.misc.Unsafe.prefetchRead(Ljava/lang/Object;J)V name or signature does not match> (0x00000000e1a12b30) thrown at [/HUDSON/workspace/8-2-build-linux-amd64/jdk8u66/4988/hotspot/src/share/vm/prims/jni.cpp
Event: 0.186 Thread 0x00007fae2400d800 Exception <a 'java/io/FileNotFoundException'> (0x00000000e1c7a160) thrown at [/HUDSON/workspace/8-2-build-linux-amd64/jdk8u66/4988/hotspot/src/share/vm/prims/jni.cpp, line 709]
Event: 0.203 Thread 0x00007fae2400d800 Exception <a 'java/security/PrivilegedActionException'> (0x00000000e1cc97e8) thrown at [/HUDSON/workspace/8-2-build-linux-amd64/jdk8u66/4988/hotspot/src/share/vm/prims/jvm.cpp, line 1386]
Event: 0.204 Thread 0x00007fae2400d800 Exception <a 'java/security/PrivilegedActionException'> (0x00000000e1cc99f8) thrown at [/HUDSON/workspace/8-2-build-linux-amd64/jdk8u66/4988/hotspot/src/share/vm/prims/jvm.cpp, line 1386]
Event: 0.204 Thread 0x00007fae2400d800 Exception <a 'java/security/PrivilegedActionException'> (0x00000000e1ccbe38) thrown at [/HUDSON/workspace/8-2-build-linux-amd64/jdk8u66/4988/hotspot/src/share/vm/prims/jvm.cpp, line 1386]
Event: 0.204 Thread 0x00007fae2400d800 Exception <a 'java/security/PrivilegedActionException'> (0x00000000e1ccc048) thrown at [/HUDSON/workspace/8-2-build-linux-amd64/jdk8u66/4988/hotspot/src/share/vm/prims/jvm.cpp, line 1386]

Events (10 events):
Event: 211.925 Executing VM operation: GetOrSetLocal
Event: 211.925 Executing VM operation: GetOrSetLocal done
Event: 211.928 Executing VM operation: GetOrSetLocal
Event: 211.928 Executing VM operation: GetOrSetLocal done
Event: 330.195 Executing VM operation: ChangeBreakpoints
Event: 330.195 Executing VM operation: ChangeBreakpoints done
Event: 505.250 Executing VM operation: ChangeBreakpoints
Event: 505.250 Executing VM operation: ChangeBreakpoints done
Event: 505.257 Executing VM operation: RedefineClasses
Event: 505.283 Executing VM operation: RedefineClasses done


Dynamic libraries:
00400000-00401000 r-xp 00000000 08:06 7604726                            /usr/lib/jvm/java-8-oracle/bin/java
00600000-00601000 rw-p 00000000 08:06 7604726                            /usr/lib/jvm/java-8-oracle/bin/java
01f3f000-01f60000 rw-p 00000000 00:00 0                                  [heap]
a4e00000-a8b80000 rw-p 00000000 00:00 0 
a8b80000-e1a00000 ---p 00000000 00:00 0 
e1a00000-e3880000 rw-p 00000000 00:00 0 
e3880000-100000000 ---p 00000000 00:00 0 
100000000-1000a0000 rw-p 00000000 00:00 0 
1000a0000-140000000 ---p 00000000 00:00 0 
7fadcc000000-7fadcc021000 rw-p 00000000 00:00 0 
7fadcc021000-7fadd0000000 ---p 00000000 00:00 0 
7fadd0000000-7fadd0021000 rw-p 00000000 00:00 0 
7fadd0021000-7fadd4000000 ---p 00000000 00:00 0 
7fadd4000000-7fadd40ff000 rw-p 00000000 00:00 0 
7fadd40ff000-7fadd8000000 ---p 00000000 00:00 0 
7fadd8000000-7fadd81be000 rw-p 00000000 00:00 0 
7fadd81be000-7faddc000000 ---p 00000000 00:00 0 
7faddc000000-7faddc08e000 rw-p 00000000 00:00 0 
7faddc08e000-7fade0000000 ---p 00000000 00:00 0 
7fade3bfc000-7fade3bfd000 ---p 00000000 00:00 0 
7fade3bfd000-7fade3cfd000 rw-p 00000000 00:00 0                          [stack:780]
7fade3cfd000-7fade3d00000 ---p 00000000 00:00 0 
7fade3d00000-7fade3dfe000 rw-p 00000000 00:00 0                          [stack:779]
7fade3dfe000-7fade3e01000 ---p 00000000 00:00 0 
7fade3e01000-7fade3eff000 rw-p 00000000 00:00 0                          [stack:774]
7fade3eff000-7fade3f02000 ---p 00000000 00:00 0 
7fade3f02000-7fade4000000 rw-p 00000000 00:00 0                          [stack:773]
7fade4000000-7fade4021000 rw-p 00000000 00:00 0 
7fade4021000-7fade8000000 ---p 00000000 00:00 0 
7fade8000000-7fade8021000 rw-p 00000000 00:00 0 
7fade8021000-7fadec000000 ---p 00000000 00:00 0 
7fadec000000-7fadec021000 rw-p 00000000 00:00 0 
7fadec021000-7fadf0000000 ---p 00000000 00:00 0 
7fadf0000000-7fadf02ae000 rw-p 00000000 00:00 0 
7fadf02ae000-7fadf4000000 ---p 00000000 00:00 0 
7fadf4000000-7fadf4021000 rw-p 00000000 00:00 0 
7fadf4021000-7fadf8000000 ---p 00000000 00:00 0 
7fadf8000000-7fadf8021000 rw-p 00000000 00:00 0 
7fadf8021000-7fadfc000000 ---p 00000000 00:00 0 
7fadfc000000-7fadfc021000 rw-p 00000000 00:00 0 
7fadfc021000-7fae00000000 ---p 00000000 00:00 0 
7fae00000000-7fae00021000 rw-p 00000000 00:00 0 
7fae00021000-7fae04000000 ---p 00000000 00:00 0 
7fae04000000-7fae04021000 rw-p 00000000 00:00 0 
7fae04021000-7fae08000000 ---p 00000000 00:00 0 
7fae08000000-7fae08021000 rw-p 00000000 00:00 0 
7fae08021000-7fae0c000000 ---p 00000000 00:00 0 
7fae0c000000-7fae0c021000 rw-p 00000000 00:00 0 
7fae0c021000-7fae10000000 ---p 00000000 00:00 0 
7fae1007b000-7fae1007d000 rw-p 00000000 00:00 0 
7fae1007d000-7fae1007f000 r--s 00009000 08:07 24389149                   /home/lechip/.m2/repository/org/hamcrest/hamcrest-core/1.3/hamcrest-core-1.3.jar
7fae1007f000-7fae10087000 r--s 00045000 08:07 24389143                   /home/lechip/.m2/repository/junit/junit/4.12/junit-4.12.jar
7fae10087000-7fae1008c000 r--s 0002f000 08:07 36046591                   /home/lechip/.m2/repository/com/google/code/gson/gson/2.4/gson-2.4.jar
7fae1008c000-7fae10091000 r--s 00083000 08:06 7606080                    /usr/lib/jvm/java-8-oracle/jre/lib/jfr.jar
7fae10091000-7fae1009b000 r--s 0006b000 08:06 7606073                    /usr/lib/jvm/java-8-oracle/jre/lib/javaws.jar
7fae1009b000-7fae100a1000 r--s 002f8000 08:06 7606071                    /usr/lib/jvm/java-8-oracle/jre/lib/charsets.jar
7fae100a1000-7fae100a6000 r--s 00096000 08:06 7606063                    /usr/lib/jvm/java-8-oracle/jre/lib/jsse.jar
7fae100a6000-7fae100a9000 r--s 0001a000 08:06 7606060                    /usr/lib/jvm/java-8-oracle/jre/lib/jce.jar
7fae100a9000-7fae100c4000 r--s 001fe000 08:06 7604806                    /usr/lib/jvm/java-8-oracle/jre/lib/deploy.jar
7fae100c4000-7fae100c7000 ---p 00000000 00:00 0 
7fae100c7000-7fae101c5000 rw-p 00000000 00:00 0                          [stack:772]
7fae101c5000-7fae101c8000 ---p 00000000 00:00 0 
7fae101c8000-7fae102c6000 rw-p 00000000 00:00 0                          [stack:767]
7fae102c6000-7fae102c9000 ---p 00000000 00:00 0 
7fae102c9000-7fae103c7000 rw-p 00000000 00:00 0                          [stack:766]
7fae103c7000-7fae103ca000 ---p 00000000 00:00 0 
7fae103ca000-7fae104c8000 rw-p 00000000 00:00 0                          [stack:765]
7fae104c8000-7fae104cc000 r-xp 00000000 08:06 7740153                    /usr/lib/jvm/java-8-oracle/jre/lib/amd64/libdt_socket.so
7fae104cc000-7fae106cb000 ---p 00004000 08:06 7740153                    /usr/lib/jvm/java-8-oracle/jre/lib/amd64/libdt_socket.so
7fae106cb000-7fae106cc000 rw-p 00003000 08:06 7740153                    /usr/lib/jvm/java-8-oracle/jre/lib/amd64/libdt_socket.so
7fae106cc000-7fae106cf000 ---p 00000000 00:00 0 
7fae106cf000-7fae107cd000 rw-p 00000000 00:00 0                          [stack:762]
7fae107cd000-7fae107d0000 ---p 00000000 00:00 0 
7fae107d0000-7fae108ce000 rw-p 00000000 00:00 0                          [stack:759]
7fae108ce000-7fae108d1000 ---p 00000000 00:00 0 
7fae108d1000-7fae109cf000 rw-p 00000000 00:00 0                          [stack:757]
7fae109cf000-7fae109d0000 ---p 00000000 00:00 0 
7fae109d0000-7fae11f30000 rw-p 00000000 00:00 0                          [stack:756]
7fae11f30000-7fae12270000 ---p 00000000 00:00 0 
7fae12270000-7fae15000000 rw-p 00000000 00:00 0 
7fae15000000-7fae15270000 rwxp 00000000 00:00 0 
7fae15270000-7fae24000000 ---p 00000000 00:00 0 
7fae24000000-7fae24427000 rw-p 00000000 00:00 0 
7fae24427000-7fae28000000 ---p 00000000 00:00 0 
7fae28000000-7fae28042000 rw-p 00000000 00:00 0 
7fae28042000-7fae2821b000 r--s 03d20000 08:06 7606077                    /usr/lib/jvm/java-8-oracle/jre/lib/rt.jar
7fae2821b000-7fae2856a000 rw-p 00000000 00:00 0 
7fae2856a000-7fae2856b000 ---p 00000000 00:00 0 
7fae2856b000-7fae2866b000 rw-p 00000000 00:00 0                          [stack:751]
7fae2866b000-7fae2866c000 ---p 00000000 00:00 0 
7fae2866c000-7fae2876c000 rw-p 00000000 00:00 0                          [stack:750]
7fae2876c000-7fae2876d000 ---p 00000000 00:00 0 
7fae2876d000-7fae2886d000 rw-p 00000000 00:00 0                          [stack:749]
7fae2886d000-7fae2886e000 ---p 00000000 00:00 0 
7fae2886e000-7fae2898d000 rw-p 00000000 00:00 0                          [stack:748]
7fae2898d000-7fae28b54000 ---p 00000000 00:00 0 
7fae28b54000-7fae28b73000 rw-p 00000000 00:00 0 
7fae28b73000-7fae28d3a000 ---p 00000000 00:00 0 
7fae28d3a000-7fae28d4a000 rw-p 00000000 00:00 0 
7fae28d4a000-7fae28e2d000 ---p 00000000 00:00 0 
7fae28e2d000-7fae28e38000 rw-p 00000000 00:00 0 
7fae28e38000-7fae291ee000 ---p 00000000 00:00 0 
7fae291ee000-7fae29208000 r-xp 00000000 08:06 7740131                    /usr/lib/jvm/java-8-oracle/jre/lib/amd64/libzip.so
7fae29208000-7fae29408000 ---p 0001a000 08:06 7740131                    /usr/lib/jvm/java-8-oracle/jre/lib/amd64/libzip.so
7fae29408000-7fae29409000 rw-p 0001a000 08:06 7740131                    /usr/lib/jvm/java-8-oracle/jre/lib/amd64/libzip.so
7fae29409000-7fae29414000 r-xp 00000000 08:06 2359475                    /lib/x86_64-linux-gnu/libnss_files-2.19.so
7fae29414000-7fae29613000 ---p 0000b000 08:06 2359475                    /lib/x86_64-linux-gnu/libnss_files-2.19.so
7fae29613000-7fae29614000 r--p 0000a000 08:06 2359475                    /lib/x86_64-linux-gnu/libnss_files-2.19.so
7fae29614000-7fae29615000 rw-p 0000b000 08:06 2359475                    /lib/x86_64-linux-gnu/libnss_files-2.19.so
7fae29615000-7fae29620000 r-xp 00000000 08:06 2359505                    /lib/x86_64-linux-gnu/libnss_nis-2.19.so
7fae29620000-7fae2981f000 ---p 0000b000 08:06 2359505                    /lib/x86_64-linux-gnu/libnss_nis-2.19.so
7fae2981f000-7fae29820000 r--p 0000a000 08:06 2359505                    /lib/x86_64-linux-gnu/libnss_nis-2.19.so
7fae29820000-7fae29821000 rw-p 0000b000 08:06 2359505                    /lib/x86_64-linux-gnu/libnss_nis-2.19.so
7fae29821000-7fae29838000 r-xp 00000000 08:06 2359487                    /lib/x86_64-linux-gnu/libnsl-2.19.so
7fae29838000-7fae29a37000 ---p 00017000 08:06 2359487                    /lib/x86_64-linux-gnu/libnsl-2.19.so
7fae29a37000-7fae29a38000 r--p 00016000 08:06 2359487                    /lib/x86_64-linux-gnu/libnsl-2.19.so
7fae29a38000-7fae29a39000 rw-p 00017000 08:06 2359487                    /lib/x86_64-linux-gnu/libnsl-2.19.so
7fae29a39000-7fae29a3b000 rw-p 00000000 00:00 0 
7fae29a3b000-7fae29a44000 r-xp 00000000 08:06 2359486                    /lib/x86_64-linux-gnu/libnss_compat-2.19.so
7fae29a44000-7fae29c43000 ---p 00009000 08:06 2359486                    /lib/x86_64-linux-gnu/libnss_compat-2.19.so
7fae29c43000-7fae29c44000 r--p 00008000 08:06 2359486                    /lib/x86_64-linux-gnu/libnss_compat-2.19.so
7fae29c44000-7fae29c45000 rw-p 00009000 08:06 2359486                    /lib/x86_64-linux-gnu/libnss_compat-2.19.so
7fae29c45000-7fae2a07d000 r--p 00000000 08:06 7477269                    /usr/lib/locale/locale-archive
7fae2a07d000-7fae2a07f000 r-xp 00000000 08:06 7740135                    /usr/lib/jvm/java-8-oracle/jre/lib/amd64/libnpt.so
7fae2a07f000-7fae2a27f000 ---p 00002000 08:06 7740135                    /usr/lib/jvm/java-8-oracle/jre/lib/amd64/libnpt.so
7fae2a27f000-7fae2a280000 rw-p 00002000 08:06 7740135                    /usr/lib/jvm/java-8-oracle/jre/lib/amd64/libnpt.so
7fae2a280000-7fae2a2b9000 r-xp 00000000 08:06 7740164                    /usr/lib/jvm/java-8-oracle/jre/lib/amd64/libjdwp.so
7fae2a2b9000-7fae2a4b8000 ---p 00039000 08:06 7740164                    /usr/lib/jvm/java-8-oracle/jre/lib/amd64/libjdwp.so
7fae2a4b8000-7fae2a4ba000 rw-p 00038000 08:06 7740164                    /usr/lib/jvm/java-8-oracle/jre/lib/amd64/libjdwp.so
7fae2a4ba000-7fae2a4e4000 r-xp 00000000 08:06 7740162                    /usr/lib/jvm/java-8-oracle/jre/lib/amd64/libjava.so
7fae2a4e4000-7fae2a6e4000 ---p 0002a000 08:06 7740162                    /usr/lib/jvm/java-8-oracle/jre/lib/amd64/libjava.so
7fae2a6e4000-7fae2a6e6000 rw-p 0002a000 08:06 7740162                    /usr/lib/jvm/java-8-oracle/jre/lib/amd64/libjava.so
7fae2a6e6000-7fae2a6f3000 r-xp 00000000 08:06 7740170                    /usr/lib/jvm/java-8-oracle/jre/lib/amd64/libverify.so
7fae2a6f3000-7fae2a8f3000 ---p 0000d000 08:06 7740170                    /usr/lib/jvm/java-8-oracle/jre/lib/amd64/libverify.so
7fae2a8f3000-7fae2a8f5000 rw-p 0000d000 08:06 7740170                    /usr/lib/jvm/java-8-oracle/jre/lib/amd64/libverify.so
7fae2a8f5000-7fae2a8fc000 r-xp 00000000 08:06 2359499                    /lib/x86_64-linux-gnu/librt-2.19.so
7fae2a8fc000-7fae2aafb000 ---p 00007000 08:06 2359499                    /lib/x86_64-linux-gnu/librt-2.19.so
7fae2aafb000-7fae2aafc000 r--p 00006000 08:06 2359499                    /lib/x86_64-linux-gnu/librt-2.19.so
7fae2aafc000-7fae2aafd000 rw-p 00007000 08:06 2359499                    /lib/x86_64-linux-gnu/librt-2.19.so
7fae2aafd000-7fae2ac02000 r-xp 00000000 08:06 2359473                    /lib/x86_64-linux-gnu/libm-2.19.so
7fae2ac02000-7fae2ae01000 ---p 00105000 08:06 2359473                    /lib/x86_64-linux-gnu/libm-2.19.so
7fae2ae01000-7fae2ae02000 r--p 00104000 08:06 2359473                    /lib/x86_64-linux-gnu/libm-2.19.so
7fae2ae02000-7fae2ae03000 rw-p 00105000 08:06 2359473                    /lib/x86_64-linux-gnu/libm-2.19.so
7fae2ae03000-7fae2bac1000 r-xp 00000000 08:06 7740142                    /usr/lib/jvm/java-8-oracle/jre/lib/amd64/server/libjvm.so
7fae2bac1000-7fae2bcc0000 ---p 00cbe000 08:06 7740142                    /usr/lib/jvm/java-8-oracle/jre/lib/amd64/server/libjvm.so
7fae2bcc0000-7fae2bd99000 rw-p 00cbd000 08:06 7740142                    /usr/lib/jvm/java-8-oracle/jre/lib/amd64/server/libjvm.so
7fae2bd99000-7fae2bddd000 rw-p 00000000 00:00 0 
7fae2bddd000-7fae2bf98000 r-xp 00000000 08:06 2359493                    /lib/x86_64-linux-gnu/libc-2.19.so
7fae2bf98000-7fae2c197000 ---p 001bb000 08:06 2359493                    /lib/x86_64-linux-gnu/libc-2.19.so
7fae2c197000-7fae2c19b000 r--p 001ba000 08:06 2359493                    /lib/x86_64-linux-gnu/libc-2.19.so
7fae2c19b000-7fae2c19d000 rw-p 001be000 08:06 2359493                    /lib/x86_64-linux-gnu/libc-2.19.so
7fae2c19d000-7fae2c1a2000 rw-p 00000000 00:00 0 
7fae2c1a2000-7fae2c1a5000 r-xp 00000000 08:06 2359478                    /lib/x86_64-linux-gnu/libdl-2.19.so
7fae2c1a5000-7fae2c3a4000 ---p 00003000 08:06 2359478                    /lib/x86_64-linux-gnu/libdl-2.19.so
7fae2c3a4000-7fae2c3a5000 r--p 00002000 08:06 2359478                    /lib/x86_64-linux-gnu/libdl-2.19.so
7fae2c3a5000-7fae2c3a6000 rw-p 00003000 08:06 2359478                    /lib/x86_64-linux-gnu/libdl-2.19.so
7fae2c3a6000-7fae2c3bb000 r-xp 00000000 08:06 7604595                    /usr/lib/jvm/java-8-oracle/lib/amd64/jli/libjli.so
7fae2c3bb000-7fae2c5bb000 ---p 00015000 08:06 7604595                    /usr/lib/jvm/java-8-oracle/lib/amd64/jli/libjli.so
7fae2c5bb000-7fae2c5bc000 rw-p 00015000 08:06 7604595                    /usr/lib/jvm/java-8-oracle/lib/amd64/jli/libjli.so
7fae2c5bc000-7fae2c5d5000 r-xp 00000000 08:06 2359495                    /lib/x86_64-linux-gnu/libpthread-2.19.so
7fae2c5d5000-7fae2c7d4000 ---p 00019000 08:06 2359495                    /lib/x86_64-linux-gnu/libpthread-2.19.so
7fae2c7d4000-7fae2c7d5000 r--p 00018000 08:06 2359495                    /lib/x86_64-linux-gnu/libpthread-2.19.so
7fae2c7d5000-7fae2c7d6000 rw-p 00019000 08:06 2359495                    /lib/x86_64-linux-gnu/libpthread-2.19.so
7fae2c7d6000-7fae2c7da000 rw-p 00000000 00:00 0 
7fae2c7da000-7fae2c7fd000 r-xp 00000000 08:06 2359489                    /lib/x86_64-linux-gnu/ld-2.19.so
7fae2c7fd000-7fae2c7ff000 r--s 00007000 08:06 7606062                    /usr/lib/jvm/java-8-oracle/jre/lib/jfxswt.jar
7fae2c7ff000-7fae2c811000 r--s 00345000 08:06 7606019                    /usr/lib/jvm/java-8-oracle/jre/lib/resources.jar
7fae2c811000-7fae2c8d2000 rw-p 00000000 00:00 0 
7fae2c8d2000-7fae2c8d5000 ---p 00000000 00:00 0 
7fae2c8d5000-7fae2c9d8000 rw-p 00000000 00:00 0                          [stack:745]
7fae2c9d8000-7fae2c9d9000 r--s 00000000 08:06 7606059                    /usr/lib/jvm/java-8-oracle/jre/lib/management-agent.jar
7fae2c9d9000-7fae2c9ec000 r--s 000d5000 08:06 7604807                    /usr/lib/jvm/java-8-oracle/jre/lib/plugin.jar
7fae2c9ec000-7fae2c9ee000 r--s 0001f000 08:07 24248656                   /home/lechip/intellij-idea/idea-IC-141.1532.4/plugins/junit/lib/junit-rt.jar
7fae2c9ee000-7fae2c9f0000 r--s 00016000 08:07 24248459                   /home/lechip/intellij-idea/idea-IC-141.1532.4/lib/idea_rt.jar
7fae2c9f0000-7fae2c9f8000 rw-s 00000000 08:06 6946861                    /tmp/hsperfdata_lechip/744
7fae2c9f8000-7fae2c9f9000 rw-p 00000000 00:00 0 
7fae2c9f9000-7fae2c9fa000 r--p 00000000 00:00 0 
7fae2c9fa000-7fae2c9fc000 rw-p 00000000 00:00 0 
7fae2c9fc000-7fae2c9fd000 r--p 00022000 08:06 2359489                    /lib/x86_64-linux-gnu/ld-2.19.so
7fae2c9fd000-7fae2c9fe000 rw-p 00023000 08:06 2359489                    /lib/x86_64-linux-gnu/ld-2.19.so
7fae2c9fe000-7fae2c9ff000 rw-p 00000000 00:00 0 
7fff40c94000-7fff40cb5000 rw-p 00000000 00:00 0                          [stack]
7fff40dfe000-7fff40e00000 r-xp 00000000 00:00 0                          [vdso]
ffffffffff600000-ffffffffff601000 r-xp 00000000 00:00 0                  [vsyscall]

VM Arguments:
jvm_args: -agentlib:jdwp=transport=dt_socket,address=127.0.0.1:57611,suspend=y,server=n -ea -Dfile.encoding=UTF-8 
java_command: com.intellij.rt.execution.junit.JUnitStarter -ideVersion5 ConfigurationValidationTests
java_class_path (initial): /home/lechip/intellij-idea/idea-IC-141.1532.4/lib/idea_rt.jar:/home/lechip/intellij-idea/idea-IC-141.1532.4/plugins/junit/lib/junit-rt.jar:/usr/lib/jvm/java-8-oracle/jre/lib/deploy.jar:/usr/lib/jvm/java-8-oracle/jre/lib/plugin.jar:/usr/lib/jvm/java-8-oracle/jre/lib/resources.jar:/usr/lib/jvm/java-8-oracle/jre/lib/management-agent.jar:/usr/lib/jvm/java-8-oracle/jre/lib/jce.jar:/usr/lib/jvm/java-8-oracle/jre/lib/jfxswt.jar:/usr/lib/jvm/java-8-oracle/jre/lib/jsse.jar:/usr/lib/jvm/java-8-oracle/jre/lib/charsets.jar:/usr/lib/jvm/java-8-oracle/jre/lib/javaws.jar:/usr/lib/jvm/java-8-oracle/jre/lib/rt.jar:/usr/lib/jvm/java-8-oracle/jre/lib/jfr.jar:/usr/lib/jvm/java-8-oracle/jre/lib/ext/jaccess.jar:/usr/lib/jvm/java-8-oracle/jre/lib/ext/cldrdata.jar:/usr/lib/jvm/java-8-oracle/jre/lib/ext/dnsns.jar:/usr/lib/jvm/java-8-oracle/jre/lib/ext/nashorn.jar:/usr/lib/jvm/java-8-oracle/jre/lib/ext/jfxrt.jar:/usr/lib/jvm/java-8-oracle/jre/lib/ext/localedata.jar:/usr/lib/jvm/java-8-oracle/jre/lib/ext/sunjce_provider.jar:/usr/lib/jvm/java-8-oracle/jre/lib/ext/sunec.jar:/usr/lib/jvm/java-8-oracle/jre/lib/ext/sunpkcs11.jar:/usr/lib/jvm/java-8-oracle/jre/lib/ext/zipfs.jar:/home/lechip/Documents/Projects/MasterThesis/OLAPDataSet/target/test-classes:/home/lechip/Documents/Projects/MasterThesis/OLAPDataSet/target/classes:/home/lechip/.m2/repository/com/google/code/gson/gson/2.4/gson-2.4.jar:/home/lechip/.m2/repository/junit/junit/4.12/junit-4.12.jar:/home/lechip/.m2/repository/org/hamcrest/hamcrest-core/1.3/hamcrest-core-1.3.jar
Launcher Type: SUN_STANDARD

Environment Variables:
JAVA_HOME=/usr/lib/jvm/java-8-oracle
PATH=/usr/local/sbin:/usr/local/bin:/usr/sbin:/usr/bin:/sbin:/bin:/usr/games:/usr/local/games:/usr/lib/jvm/java-8-oracle/bin:/usr/lib/jvm/java-8-oracle/db/bin:/usr/lib/jvm/java-8-oracle/jre/bin
USERNAME=lechip
LD_LIBRARY_PATH=/home/lechip/intellij-idea/idea-IC-141.1532.4/bin:
SHELL=/bin/bash
DISPLAY=:0

Signal Handlers:
SIGSEGV: [libjvm.so+0xaba2a0], sa_mask[0]=11111111011111111101111111111110, sa_flags=SA_RESTART|SA_SIGINFO
SIGBUS: [libjvm.so+0xaba2a0], sa_mask[0]=11111111011111111101111111111110, sa_flags=SA_RESTART|SA_SIGINFO
SIGFPE: [libjvm.so+0x917710], sa_mask[0]=11111111011111111101111111111110, sa_flags=SA_RESTART|SA_SIGINFO
SIGPIPE: [libjvm.so+0x917710], sa_mask[0]=11111111011111111101111111111110, sa_flags=SA_RESTART|SA_SIGINFO
SIGXFSZ: [libjvm.so+0x917710], sa_mask[0]=11111111011111111101111111111110, sa_flags=SA_RESTART|SA_SIGINFO
SIGILL: [libjvm.so+0x917710], sa_mask[0]=11111111011111111101111111111110, sa_flags=SA_RESTART|SA_SIGINFO
SIGUSR1: SIG_DFL, sa_mask[0]=00000000000000000000000000000000, sa_flags=none
SIGUSR2: [libjvm.so+0x918d40], sa_mask[0]=00100000000000000000000000000000, sa_flags=SA_RESTART|SA_SIGINFO
SIGHUP: [libjvm.so+0x91a140], sa_mask[0]=11111111011111111101111111111110, sa_flags=SA_RESTART|SA_SIGINFO
SIGINT: [libjvm.so+0x91a140], sa_mask[0]=11111111011111111101111111111110, sa_flags=SA_RESTART|SA_SIGINFO
SIGTERM: [libjvm.so+0x91a140], sa_mask[0]=11111111011111111101111111111110, sa_flags=SA_RESTART|SA_SIGINFO
SIGQUIT: [libjvm.so+0x91a140], sa_mask[0]=11111111011111111101111111111110, sa_flags=SA_RESTART|SA_SIGINFO


---------------  S Y S T E M  ---------------

OS:DISTRIB_ID=LinuxMint
DISTRIB_RELEASE=17
DISTRIB_CODENAME=qiana
DISTRIB_DESCRIPTION="Linux Mint 17 Qiana"

uname:Linux 3.13.0-24-generic #47-Ubuntu SMP Fri May 2 23:30:00 UTC 2014 x86_64
libc:glibc 2.19 NPTL 2.19 
rlimit: STACK 8192k, CORE 0k, NPROC 46403, NOFILE 4096, AS infinity
load average:1.37 0.82 0.79

/proc/meminfo:
MemTotal:        5970712 kB
MemFree:          472216 kB
Buffers:           25784 kB
Cached:          1116784 kB
SwapCached:        27148 kB
Active:          3670208 kB
Inactive:        1432308 kB
Active(anon):    3229548 kB
Inactive(anon):  1029952 kB
Active(file):     440660 kB
Inactive(file):   402356 kB
Unevictable:          16 kB
Mlocked:              16 kB
SwapTotal:      14647292 kB
SwapFree:       14488136 kB
Dirty:               728 kB
Writeback:             0 kB
AnonPages:       3934068 kB
Mapped:           305128 kB
Shmem:            299552 kB
Slab:             251228 kB
SReclaimable:     211028 kB
SUnreclaim:        40200 kB
KernelStack:        7576 kB
PageTables:        54640 kB
NFS_Unstable:          0 kB
Bounce:                0 kB
WritebackTmp:          0 kB
CommitLimit:    17632648 kB
Committed_AS:   10218392 kB
VmallocTotal:   34359738367 kB
VmallocUsed:      358432 kB
VmallocChunk:   34359373792 kB
HardwareCorrupted:     0 kB
AnonHugePages:   1376256 kB
HugePages_Total:       0
HugePages_Free:        0
HugePages_Rsvd:        0
HugePages_Surp:        0
Hugepagesize:       2048 kB
DirectMap4k:       92152 kB
DirectMap2M:     6057984 kB


CPU:total 4 (2 cores per cpu, 2 threads per core) family 6 model 58 stepping 9, cmov, cx8, fxsr, mmx, sse, sse2, sse3, ssse3, sse4.1, sse4.2, popcnt, avx, aes, clmul, erms, ht, tsc, tscinvbit, tscinv

/proc/cpuinfo:
processor	: 0
vendor_id	: GenuineIntel
cpu family	: 6
model		: 58
model name	: Intel(R) Core(TM) i5-3230M CPU @ 2.60GHz
stepping	: 9
microcode	: 0x15
cpu MHz		: 2601.000
cache size	: 3072 KB
physical id	: 0
siblings	: 4
core id		: 0
cpu cores	: 2
apicid		: 0
initial apicid	: 0
fpu		: yes
fpu_exception	: yes
cpuid level	: 13
wp		: yes
flags		: fpu vme de pse tsc msr pae mce cx8 apic sep mtrr pge mca cmov pat pse36 clflush dts acpi mmx fxsr sse sse2 ss ht tm pbe syscall nx rdtscp lm constant_tsc arch_perfmon pebs bts rep_good nopl xtopology nonstop_tsc aperfmperf eagerfpu pni pclmulqdq dtes64 monitor ds_cpl vmx est tm2 ssse3 cx16 xtpr pdcm pcid sse4_1 sse4_2 x2apic popcnt tsc_deadline_timer aes xsave avx f16c rdrand lahf_lm ida arat epb xsaveopt pln pts dtherm tpr_shadow vnmi flexpriority ept vpid fsgsbase smep erms
bogomips	: 5187.79
clflush size	: 64
cache_alignment	: 64
address sizes	: 36 bits physical, 48 bits virtual
power management:

processor	: 1
vendor_id	: GenuineIntel
cpu family	: 6
model		: 58
model name	: Intel(R) Core(TM) i5-3230M CPU @ 2.60GHz
stepping	: 9
microcode	: 0x15
cpu MHz		: 2100.000
cache size	: 3072 KB
physical id	: 0
siblings	: 4
core id		: 0
cpu cores	: 2
apicid		: 1
initial apicid	: 1
fpu		: yes
fpu_exception	: yes
cpuid level	: 13
wp		: yes
flags		: fpu vme de pse tsc msr pae mce cx8 apic sep mtrr pge mca cmov pat pse36 clflush dts acpi mmx fxsr sse sse2 ss ht tm pbe syscall nx rdtscp lm constant_tsc arch_perfmon pebs bts rep_good nopl xtopology nonstop_tsc aperfmperf eagerfpu pni pclmulqdq dtes64 monitor ds_cpl vmx est tm2 ssse3 cx16 xtpr pdcm pcid sse4_1 sse4_2 x2apic popcnt tsc_deadline_timer aes xsave avx f16c rdrand lahf_lm ida arat epb xsaveopt pln pts dtherm tpr_shadow vnmi flexpriority ept vpid fsgsbase smep erms
bogomips	: 5187.79
clflush size	: 64
cache_alignment	: 64
address sizes	: 36 bits physical, 48 bits virtual
power management:

processor	: 2
vendor_id	: GenuineIntel
cpu family	: 6
model		: 58
model name	: Intel(R) Core(TM) i5-3230M CPU @ 2.60GHz
stepping	: 9
microcode	: 0x15
cpu MHz		: 2601.000
cache size	: 3072 KB
physical id	: 0
siblings	: 4
core id		: 1
cpu cores	: 2
apicid		: 2
initial apicid	: 2
fpu		: yes
fpu_exception	: yes
cpuid level	: 13
wp		: yes
flags		: fpu vme de pse tsc msr pae mce cx8 apic sep mtrr pge mca cmov pat pse36 clflush dts acpi mmx fxsr sse sse2 ss ht tm pbe syscall nx rdtscp lm constant_tsc arch_perfmon pebs bts rep_good nopl xtopology nonstop_tsc aperfmperf eagerfpu pni pclmulqdq dtes64 monitor ds_cpl vmx est tm2 ssse3 cx16 xtpr pdcm pcid sse4_1 sse4_2 x2apic popcnt tsc_deadline_timer aes xsave avx f16c rdrand lahf_lm ida arat epb xsaveopt pln pts dtherm tpr_shadow vnmi flexpriority ept vpid fsgsbase smep erms
bogomips	: 5187.79
clflush size	: 64
cache_alignment	: 64
address sizes	: 36 bits physical, 48 bits virtual
power management:

processor	: 3
vendor_id	: GenuineIntel
cpu family	: 6
model		: 58
model name	: Intel(R) Core(TM) i5-3230M CPU @ 2.60GHz
stepping	: 9
microcode	: 0x15
cpu MHz		: 2601.000
cache size	: 3072 KB
physical id	: 0
siblings	: 4
core id		: 1
cpu cores	: 2
apicid		: 3
initial apicid	: 3
fpu		: yes
fpu_exception	: yes
cpuid level	: 13
wp		: yes
flags		: fpu vme de pse tsc msr pae mce cx8 apic sep mtrr pge mca cmov pat pse36 clflush dts acpi mmx fxsr sse sse2 ss ht tm pbe syscall nx rdtscp lm constant_tsc arch_perfmon pebs bts rep_good nopl xtopology nonstop_tsc aperfmperf eagerfpu pni pclmulqdq dtes64 monitor ds_cpl vmx est tm2 ssse3 cx16 xtpr pdcm pcid sse4_1 sse4_2 x2apic popcnt tsc_deadline_timer aes xsave avx f16c rdrand lahf_lm ida arat epb xsaveopt pln pts dtherm tpr_shadow vnmi flexpriority ept vpid fsgsbase smep erms
bogomips	: 5187.79
clflush size	: 64
cache_alignment	: 64
address sizes	: 36 bits physical, 48 bits virtual
power management:



Memory: 4k page, physical 5970712k(472216k free), swap 14647292k(14488136k free)

vm_info: Java HotSpot(TM) 64-Bit Server VM (25.66-b17) for linux-amd64 JRE (1.8.0_66-b17), built on Oct  6 2015 17:28:34 by "java_re" with gcc 4.3.0 20080428 (Red Hat 4.3.0-8)

time: Sat Oct 31 23:27:32 2015
elapsed time: 505 seconds (0d 0h 8m 25s)

